

============================== 2024-08-24 19:08:21.479713 | 90a8c4c5-52b2-48ab-9b41-e65396e73c27 ==============================
19:08:21.479721 [info ] [MainThread]: Running with dbt=1.1.5
19:08:21.479913 [debug] [MainThread]: running dbt with arguments {'write_json': True, 'use_colors': True, 'printer_width': 80, 'version_check': True, 'partial_parse': True, 'static_parser': True, 'profiles_dir': '/root/.dbt', 'send_anonymous_usage_stats': True, 'event_buffer_size': 100000, 'quiet': False, 'no_print': False, 'cache_selected_only': False, 'skip_profile_setup': False, 'which': 'init', 'indirect_selection': 'eager'}
19:08:21.479970 [debug] [MainThread]: Tracking: tracking
19:08:21.484387 [debug] [MainThread]: Sending event: {'category': 'dbt', 'action': 'invocation', 'label': 'start', 'context': [<snowplow_tracker.self_describing_json.SelfDescribingJson object at 0x7fde006e9f60>, <snowplow_tracker.self_describing_json.SelfDescribingJson object at 0x7fde006e9160>, <snowplow_tracker.self_describing_json.SelfDescribingJson object at 0x7fde006e99b0>]}
19:08:21.484897 [info ] [MainThread]: Creating dbt configuration folder at /root/.dbt
19:09:12.696152 [debug] [MainThread]: Starter project path: /usr/local/lib/python3.7/dist-packages/dbt/include/starter_project
19:09:23.772091 [info ] [MainThread]: Profile datawarehouse written to /root/.dbt/profiles.yml using target's sample configuration. Once updated, you'll be able to start developing with dbt.
19:09:23.772272 [info ] [MainThread]: 
Your new dbt project "datawarehouse" was created!

For more information on how to configure the profiles.yml file,
please consult the dbt documentation here:

  https://docs.getdbt.com/docs/configure-your-profile

One more thing:

Need help? Don't hesitate to reach out to us via GitHub issues or on Slack:

  https://community.getdbt.com/

Happy modeling!

19:09:23.772379 [debug] [MainThread]: Sending event: {'category': 'dbt', 'action': 'invocation', 'label': 'end', 'context': [<snowplow_tracker.self_describing_json.SelfDescribingJson object at 0x7fde006e99b0>, <snowplow_tracker.self_describing_json.SelfDescribingJson object at 0x7fde006e9160>, <snowplow_tracker.self_describing_json.SelfDescribingJson object at 0x7fde006e9b70>]}


============================== 2024-08-24 19:24:24.189973 | 8ae3dcae-0ee5-4b2c-84ea-d9c4393c814b ==============================
19:24:24.189980 [info ] [MainThread]: Running with dbt=1.1.5
19:24:24.190139 [debug] [MainThread]: running dbt with arguments {'write_json': True, 'use_colors': True, 'printer_width': 80, 'version_check': True, 'partial_parse': True, 'static_parser': True, 'profiles_dir': '/root/.dbt', 'send_anonymous_usage_stats': True, 'event_buffer_size': 100000, 'quiet': False, 'no_print': False, 'cache_selected_only': False, 'config_dir': False, 'which': 'debug', 'indirect_selection': 'eager'}
19:24:24.190196 [debug] [MainThread]: Tracking: tracking
19:24:24.194104 [debug] [MainThread]: Sending event: {'category': 'dbt', 'action': 'invocation', 'label': 'start', 'context': [<snowplow_tracker.self_describing_json.SelfDescribingJson object at 0x7425a5c8d908>, <snowplow_tracker.self_describing_json.SelfDescribingJson object at 0x7425a5c8d128>, <snowplow_tracker.self_describing_json.SelfDescribingJson object at 0x7425a5c8d358>]}
19:24:24.217719 [debug] [MainThread]: Executing "git --help"
19:24:24.220101 [debug] [MainThread]: Sending event: {'category': 'dbt', 'action': 'invocation', 'label': 'end', 'context': [<snowplow_tracker.self_describing_json.SelfDescribingJson object at 0x7425a5120828>, <snowplow_tracker.self_describing_json.SelfDescribingJson object at 0x7425a5120710>, <snowplow_tracker.self_describing_json.SelfDescribingJson object at 0x7425a5120860>]}


============================== 2024-08-24 19:27:18.895975 | 01b5a1f9-cf24-4762-9621-be96a402f2e3 ==============================
19:27:18.895981 [info ] [MainThread]: Running with dbt=1.1.5
19:27:18.896156 [debug] [MainThread]: running dbt with arguments {'write_json': True, 'use_colors': True, 'printer_width': 80, 'version_check': True, 'partial_parse': True, 'static_parser': True, 'profiles_dir': '/root/.dbt', 'send_anonymous_usage_stats': True, 'event_buffer_size': 100000, 'quiet': False, 'no_print': False, 'cache_selected_only': False, 'config_dir': False, 'which': 'debug', 'indirect_selection': 'eager'}
19:27:18.896274 [debug] [MainThread]: Tracking: tracking
19:27:18.899983 [debug] [MainThread]: Sending event: {'category': 'dbt', 'action': 'invocation', 'label': 'start', 'context': [<snowplow_tracker.self_describing_json.SelfDescribingJson object at 0x7fbe1c509f60>, <snowplow_tracker.self_describing_json.SelfDescribingJson object at 0x7fbe1c5090b8>, <snowplow_tracker.self_describing_json.SelfDescribingJson object at 0x7fbe1c509908>]}
19:27:18.900574 [debug] [MainThread]: Executing "git --help"
19:27:18.903019 [debug] [MainThread]: STDOUT: "b"usage: git [--version] [--help] [-C <path>] [-c <name>=<value>]\n           [--exec-path[=<path>]] [--html-path] [--man-path] [--info-path]\n           [-p | --paginate | -P | --no-pager] [--no-replace-objects] [--bare]\n           [--git-dir=<path>] [--work-tree=<path>] [--namespace=<name>]\n           <command> [<args>]\n\nThese are common Git commands used in various situations:\n\nstart a working area (see also: git help tutorial)\n   clone      Clone a repository into a new directory\n   init       Create an empty Git repository or reinitialize an existing one\n\nwork on the current change (see also: git help everyday)\n   add        Add file contents to the index\n   mv         Move or rename a file, a directory, or a symlink\n   reset      Reset current HEAD to the specified state\n   rm         Remove files from the working tree and from the index\n\nexamine the history and state (see also: git help revisions)\n   bisect     Use binary search to find the commit that introduced a bug\n   grep       Print lines matching a pattern\n   log        Show commit logs\n   show       Show various types of objects\n   status     Show the working tree status\n\ngrow, mark and tweak your common history\n   branch     List, create, or delete branches\n   checkout    Switch branches or restore working tree files\n   commit     Record changes to the repository\n   diff       Show changes between commits, commit and working tree, etc\n   merge      Join two or more development histories together\n   rebase     Reapply commits on top of another base tip\n   tag        Create, list, delete or verify a tag object signed with GPG\n\ncollaborate (see also: git help workflows)\n   fetch      Download objects and refs from another repository\n   pull       Fetch from and integrate with another repository or a local branch\n   push       Update remote refs along with associated objects\n\n'git help -a' and 'git help -g' list available subcommands and some\nconcept guides. See 'git help <command>' or 'git help <concept>'\nto read about a specific subcommand or concept.\n""
19:27:18.903276 [debug] [MainThread]: STDERR: "b''"
19:27:18.903547 [debug] [MainThread]: Sending event: {'category': 'dbt', 'action': 'invocation', 'label': 'end', 'context': [<snowplow_tracker.self_describing_json.SelfDescribingJson object at 0x7fbe1c509358>, <snowplow_tracker.self_describing_json.SelfDescribingJson object at 0x7fbe1c5090b8>, <snowplow_tracker.self_describing_json.SelfDescribingJson object at 0x7fbe1c509860>]}


============================== 2024-08-24 19:29:41.571533 | da2153fe-6245-4c3b-b106-60bddb5eb808 ==============================
19:29:41.571538 [info ] [MainThread]: Running with dbt=1.1.5
19:29:41.571688 [debug] [MainThread]: running dbt with arguments {'write_json': True, 'use_colors': True, 'printer_width': 80, 'version_check': True, 'partial_parse': True, 'static_parser': True, 'profiles_dir': '/root/.dbt', 'send_anonymous_usage_stats': True, 'event_buffer_size': 100000, 'quiet': False, 'no_print': False, 'cache_selected_only': False, 'config_dir': False, 'which': 'debug', 'indirect_selection': 'eager'}
19:29:41.571793 [debug] [MainThread]: Tracking: tracking
19:29:41.575830 [debug] [MainThread]: Sending event: {'category': 'dbt', 'action': 'invocation', 'label': 'start', 'context': [<snowplow_tracker.self_describing_json.SelfDescribingJson object at 0x7f29167b2f98>, <snowplow_tracker.self_describing_json.SelfDescribingJson object at 0x7f29167b20f0>, <snowplow_tracker.self_describing_json.SelfDescribingJson object at 0x7f29167b2940>]}
19:29:41.576414 [debug] [MainThread]: Executing "git --help"
19:29:41.578789 [debug] [MainThread]: STDOUT: "b"usage: git [--version] [--help] [-C <path>] [-c <name>=<value>]\n           [--exec-path[=<path>]] [--html-path] [--man-path] [--info-path]\n           [-p | --paginate | -P | --no-pager] [--no-replace-objects] [--bare]\n           [--git-dir=<path>] [--work-tree=<path>] [--namespace=<name>]\n           <command> [<args>]\n\nThese are common Git commands used in various situations:\n\nstart a working area (see also: git help tutorial)\n   clone      Clone a repository into a new directory\n   init       Create an empty Git repository or reinitialize an existing one\n\nwork on the current change (see also: git help everyday)\n   add        Add file contents to the index\n   mv         Move or rename a file, a directory, or a symlink\n   reset      Reset current HEAD to the specified state\n   rm         Remove files from the working tree and from the index\n\nexamine the history and state (see also: git help revisions)\n   bisect     Use binary search to find the commit that introduced a bug\n   grep       Print lines matching a pattern\n   log        Show commit logs\n   show       Show various types of objects\n   status     Show the working tree status\n\ngrow, mark and tweak your common history\n   branch     List, create, or delete branches\n   checkout    Switch branches or restore working tree files\n   commit     Record changes to the repository\n   diff       Show changes between commits, commit and working tree, etc\n   merge      Join two or more development histories together\n   rebase     Reapply commits on top of another base tip\n   tag        Create, list, delete or verify a tag object signed with GPG\n\ncollaborate (see also: git help workflows)\n   fetch      Download objects and refs from another repository\n   pull       Fetch from and integrate with another repository or a local branch\n   push       Update remote refs along with associated objects\n\n'git help -a' and 'git help -g' list available subcommands and some\nconcept guides. See 'git help <command>' or 'git help <concept>'\nto read about a specific subcommand or concept.\n""
19:29:41.578972 [debug] [MainThread]: STDERR: "b''"
19:29:41.579155 [debug] [MainThread]: Sending event: {'category': 'dbt', 'action': 'invocation', 'label': 'end', 'context': [<snowplow_tracker.self_describing_json.SelfDescribingJson object at 0x7f29167b2390>, <snowplow_tracker.self_describing_json.SelfDescribingJson object at 0x7f29167b20f0>, <snowplow_tracker.self_describing_json.SelfDescribingJson object at 0x7f29167b2898>]}


============================== 2024-08-24 19:34:00.930739 | dfa6d0b7-de8d-4a25-a2cd-c66544e769d6 ==============================
19:34:00.930744 [info ] [MainThread]: Running with dbt=1.1.5
19:34:00.930923 [debug] [MainThread]: running dbt with arguments {'write_json': True, 'use_colors': True, 'printer_width': 80, 'version_check': True, 'partial_parse': True, 'static_parser': True, 'profiles_dir': '/root/.dbt', 'send_anonymous_usage_stats': True, 'event_buffer_size': 100000, 'quiet': False, 'no_print': False, 'cache_selected_only': False, 'config_dir': False, 'which': 'debug', 'indirect_selection': 'eager'}
19:34:00.931033 [debug] [MainThread]: Tracking: tracking
19:34:00.934892 [debug] [MainThread]: Sending event: {'category': 'dbt', 'action': 'invocation', 'label': 'start', 'context': [<snowplow_tracker.self_describing_json.SelfDescribingJson object at 0x7b4ff6df1f98>, <snowplow_tracker.self_describing_json.SelfDescribingJson object at 0x7b4ff6df10f0>, <snowplow_tracker.self_describing_json.SelfDescribingJson object at 0x7b4ff6df1940>]}
19:34:00.935363 [debug] [MainThread]: Executing "git --help"
19:34:00.937648 [debug] [MainThread]: STDOUT: "b"usage: git [--version] [--help] [-C <path>] [-c <name>=<value>]\n           [--exec-path[=<path>]] [--html-path] [--man-path] [--info-path]\n           [-p | --paginate | -P | --no-pager] [--no-replace-objects] [--bare]\n           [--git-dir=<path>] [--work-tree=<path>] [--namespace=<name>]\n           <command> [<args>]\n\nThese are common Git commands used in various situations:\n\nstart a working area (see also: git help tutorial)\n   clone      Clone a repository into a new directory\n   init       Create an empty Git repository or reinitialize an existing one\n\nwork on the current change (see also: git help everyday)\n   add        Add file contents to the index\n   mv         Move or rename a file, a directory, or a symlink\n   reset      Reset current HEAD to the specified state\n   rm         Remove files from the working tree and from the index\n\nexamine the history and state (see also: git help revisions)\n   bisect     Use binary search to find the commit that introduced a bug\n   grep       Print lines matching a pattern\n   log        Show commit logs\n   show       Show various types of objects\n   status     Show the working tree status\n\ngrow, mark and tweak your common history\n   branch     List, create, or delete branches\n   checkout    Switch branches or restore working tree files\n   commit     Record changes to the repository\n   diff       Show changes between commits, commit and working tree, etc\n   merge      Join two or more development histories together\n   rebase     Reapply commits on top of another base tip\n   tag        Create, list, delete or verify a tag object signed with GPG\n\ncollaborate (see also: git help workflows)\n   fetch      Download objects and refs from another repository\n   pull       Fetch from and integrate with another repository or a local branch\n   push       Update remote refs along with associated objects\n\n'git help -a' and 'git help -g' list available subcommands and some\nconcept guides. See 'git help <command>' or 'git help <concept>'\nto read about a specific subcommand or concept.\n""
19:34:00.937913 [debug] [MainThread]: STDERR: "b''"
19:34:00.938175 [debug] [MainThread]: Sending event: {'category': 'dbt', 'action': 'invocation', 'label': 'end', 'context': [<snowplow_tracker.self_describing_json.SelfDescribingJson object at 0x7b4ff6df1390>, <snowplow_tracker.self_describing_json.SelfDescribingJson object at 0x7b4ff6df10f0>, <snowplow_tracker.self_describing_json.SelfDescribingJson object at 0x7b4ff6df1898>]}


============================== 2024-08-24 19:58:28.204220 | bd8127d6-d60f-4ec2-9687-b085b59851f9 ==============================
19:58:28.204233 [info ] [MainThread]: Running with dbt=1.1.5
19:58:28.204561 [debug] [MainThread]: running dbt with arguments {'write_json': True, 'use_colors': True, 'printer_width': 80, 'version_check': True, 'partial_parse': True, 'static_parser': True, 'profiles_dir': '/root/.dbt', 'send_anonymous_usage_stats': True, 'event_buffer_size': 100000, 'quiet': False, 'no_print': False, 'cache_selected_only': False, 'config_dir': False, 'which': 'debug', 'indirect_selection': 'eager'}
19:58:28.204657 [debug] [MainThread]: Tracking: tracking
19:58:28.212404 [debug] [MainThread]: Sending event: {'category': 'dbt', 'action': 'invocation', 'label': 'start', 'context': [<snowplow_tracker.self_describing_json.SelfDescribingJson object at 0x7f2be961ba20>, <snowplow_tracker.self_describing_json.SelfDescribingJson object at 0x7f2be966b4e0>, <snowplow_tracker.self_describing_json.SelfDescribingJson object at 0x7f2be966bb70>]}
19:58:28.214282 [debug] [MainThread]: Executing "git --help"
19:58:28.220465 [debug] [MainThread]: STDOUT: "b"usage: git [--version] [--help] [-C <path>] [-c <name>=<value>]\n           [--exec-path[=<path>]] [--html-path] [--man-path] [--info-path]\n           [-p | --paginate | -P | --no-pager] [--no-replace-objects] [--bare]\n           [--git-dir=<path>] [--work-tree=<path>] [--namespace=<name>]\n           <command> [<args>]\n\nThese are common Git commands used in various situations:\n\nstart a working area (see also: git help tutorial)\n   clone      Clone a repository into a new directory\n   init       Create an empty Git repository or reinitialize an existing one\n\nwork on the current change (see also: git help everyday)\n   add        Add file contents to the index\n   mv         Move or rename a file, a directory, or a symlink\n   reset      Reset current HEAD to the specified state\n   rm         Remove files from the working tree and from the index\n\nexamine the history and state (see also: git help revisions)\n   bisect     Use binary search to find the commit that introduced a bug\n   grep       Print lines matching a pattern\n   log        Show commit logs\n   show       Show various types of objects\n   status     Show the working tree status\n\ngrow, mark and tweak your common history\n   branch     List, create, or delete branches\n   checkout    Switch branches or restore working tree files\n   commit     Record changes to the repository\n   diff       Show changes between commits, commit and working tree, etc\n   merge      Join two or more development histories together\n   rebase     Reapply commits on top of another base tip\n   tag        Create, list, delete or verify a tag object signed with GPG\n\ncollaborate (see also: git help workflows)\n   fetch      Download objects and refs from another repository\n   pull       Fetch from and integrate with another repository or a local branch\n   push       Update remote refs along with associated objects\n\n'git help -a' and 'git help -g' list available subcommands and some\nconcept guides. See 'git help <command>' or 'git help <concept>'\nto read about a specific subcommand or concept.\n""
19:58:28.220967 [debug] [MainThread]: STDERR: "b''"
19:58:28.221608 [debug] [MainThread]: Sending event: {'category': 'dbt', 'action': 'invocation', 'label': 'end', 'context': [<snowplow_tracker.self_describing_json.SelfDescribingJson object at 0x7f2be961b2e8>, <snowplow_tracker.self_describing_json.SelfDescribingJson object at 0x7f2be961b390>, <snowplow_tracker.self_describing_json.SelfDescribingJson object at 0x7f2be961b208>]}


============================== 2024-08-24 20:01:36.861514 | d66fedad-6fa1-4023-80a6-47a7d054c78c ==============================
20:01:36.861526 [info ] [MainThread]: Running with dbt=1.1.5
20:01:36.861898 [debug] [MainThread]: running dbt with arguments {'write_json': True, 'use_colors': True, 'printer_width': 80, 'version_check': True, 'partial_parse': True, 'static_parser': True, 'profiles_dir': '/root/.dbt', 'send_anonymous_usage_stats': True, 'event_buffer_size': 100000, 'quiet': False, 'no_print': False, 'cache_selected_only': False, 'config_dir': False, 'which': 'debug', 'indirect_selection': 'eager'}
20:01:36.861989 [debug] [MainThread]: Tracking: tracking
20:01:36.868477 [debug] [MainThread]: Sending event: {'category': 'dbt', 'action': 'invocation', 'label': 'start', 'context': [<snowplow_tracker.self_describing_json.SelfDescribingJson object at 0x79bf6f7a0da0>, <snowplow_tracker.self_describing_json.SelfDescribingJson object at 0x79bf6f7a0048>, <snowplow_tracker.self_describing_json.SelfDescribingJson object at 0x79bf6f7a09b0>]}
20:01:36.869958 [debug] [MainThread]: Executing "git --help"
20:01:36.874937 [debug] [MainThread]: STDOUT: "b"usage: git [--version] [--help] [-C <path>] [-c <name>=<value>]\n           [--exec-path[=<path>]] [--html-path] [--man-path] [--info-path]\n           [-p | --paginate | -P | --no-pager] [--no-replace-objects] [--bare]\n           [--git-dir=<path>] [--work-tree=<path>] [--namespace=<name>]\n           <command> [<args>]\n\nThese are common Git commands used in various situations:\n\nstart a working area (see also: git help tutorial)\n   clone      Clone a repository into a new directory\n   init       Create an empty Git repository or reinitialize an existing one\n\nwork on the current change (see also: git help everyday)\n   add        Add file contents to the index\n   mv         Move or rename a file, a directory, or a symlink\n   reset      Reset current HEAD to the specified state\n   rm         Remove files from the working tree and from the index\n\nexamine the history and state (see also: git help revisions)\n   bisect     Use binary search to find the commit that introduced a bug\n   grep       Print lines matching a pattern\n   log        Show commit logs\n   show       Show various types of objects\n   status     Show the working tree status\n\ngrow, mark and tweak your common history\n   branch     List, create, or delete branches\n   checkout    Switch branches or restore working tree files\n   commit     Record changes to the repository\n   diff       Show changes between commits, commit and working tree, etc\n   merge      Join two or more development histories together\n   rebase     Reapply commits on top of another base tip\n   tag        Create, list, delete or verify a tag object signed with GPG\n\ncollaborate (see also: git help workflows)\n   fetch      Download objects and refs from another repository\n   pull       Fetch from and integrate with another repository or a local branch\n   push       Update remote refs along with associated objects\n\n'git help -a' and 'git help -g' list available subcommands and some\nconcept guides. See 'git help <command>' or 'git help <concept>'\nto read about a specific subcommand or concept.\n""
20:01:36.875506 [debug] [MainThread]: STDERR: "b''"
20:01:36.876065 [debug] [MainThread]: Sending event: {'category': 'dbt', 'action': 'invocation', 'label': 'end', 'context': [<snowplow_tracker.self_describing_json.SelfDescribingJson object at 0x79bf6f7a0a20>, <snowplow_tracker.self_describing_json.SelfDescribingJson object at 0x79bf6f7a0400>, <snowplow_tracker.self_describing_json.SelfDescribingJson object at 0x79bf6f7a0198>]}


============================== 2024-08-25 13:48:52.785592 | a78bee16-ddf5-4e88-817e-9669f2547b6f ==============================
13:48:52.785600 [info ] [MainThread]: Running with dbt=1.1.5
13:48:52.785748 [debug] [MainThread]: running dbt with arguments {'write_json': True, 'use_colors': True, 'printer_width': 80, 'version_check': True, 'partial_parse': True, 'static_parser': True, 'profiles_dir': '/root/.dbt', 'send_anonymous_usage_stats': True, 'event_buffer_size': 100000, 'quiet': False, 'no_print': False, 'cache_selected_only': False, 'config_dir': False, 'which': 'debug', 'indirect_selection': 'eager'}
13:48:52.785795 [debug] [MainThread]: Tracking: tracking
13:48:52.790019 [debug] [MainThread]: Sending event: {'category': 'dbt', 'action': 'invocation', 'label': 'start', 'context': [<snowplow_tracker.self_describing_json.SelfDescribingJson object at 0x77834932e978>, <snowplow_tracker.self_describing_json.SelfDescribingJson object at 0x77834937d518>, <snowplow_tracker.self_describing_json.SelfDescribingJson object at 0x77834937dba8>]}
13:48:52.790981 [debug] [MainThread]: Executing "git --help"
13:48:52.798589 [debug] [MainThread]: STDOUT: "b"usage: git [--version] [--help] [-C <path>] [-c <name>=<value>]\n           [--exec-path[=<path>]] [--html-path] [--man-path] [--info-path]\n           [-p | --paginate | -P | --no-pager] [--no-replace-objects] [--bare]\n           [--git-dir=<path>] [--work-tree=<path>] [--namespace=<name>]\n           <command> [<args>]\n\nThese are common Git commands used in various situations:\n\nstart a working area (see also: git help tutorial)\n   clone      Clone a repository into a new directory\n   init       Create an empty Git repository or reinitialize an existing one\n\nwork on the current change (see also: git help everyday)\n   add        Add file contents to the index\n   mv         Move or rename a file, a directory, or a symlink\n   reset      Reset current HEAD to the specified state\n   rm         Remove files from the working tree and from the index\n\nexamine the history and state (see also: git help revisions)\n   bisect     Use binary search to find the commit that introduced a bug\n   grep       Print lines matching a pattern\n   log        Show commit logs\n   show       Show various types of objects\n   status     Show the working tree status\n\ngrow, mark and tweak your common history\n   branch     List, create, or delete branches\n   checkout    Switch branches or restore working tree files\n   commit     Record changes to the repository\n   diff       Show changes between commits, commit and working tree, etc\n   merge      Join two or more development histories together\n   rebase     Reapply commits on top of another base tip\n   tag        Create, list, delete or verify a tag object signed with GPG\n\ncollaborate (see also: git help workflows)\n   fetch      Download objects and refs from another repository\n   pull       Fetch from and integrate with another repository or a local branch\n   push       Update remote refs along with associated objects\n\n'git help -a' and 'git help -g' list available subcommands and some\nconcept guides. See 'git help <command>' or 'git help <concept>'\nto read about a specific subcommand or concept.\n""
13:48:52.798952 [debug] [MainThread]: STDERR: "b''"
13:48:52.799277 [debug] [MainThread]: Sending event: {'category': 'dbt', 'action': 'invocation', 'label': 'end', 'context': [<snowplow_tracker.self_describing_json.SelfDescribingJson object at 0x77834932e320>, <snowplow_tracker.self_describing_json.SelfDescribingJson object at 0x77834932e048>, <snowplow_tracker.self_describing_json.SelfDescribingJson object at 0x77834932e8d0>]}


============================== 2024-08-25 14:27:46.953715 | cdf9d520-2d09-41b0-93ac-7947ce50ee6b ==============================
14:27:46.953722 [info ] [MainThread]: Running with dbt=1.1.5
14:27:46.954011 [debug] [MainThread]: running dbt with arguments {'write_json': True, 'use_colors': True, 'printer_width': 80, 'version_check': True, 'partial_parse': True, 'static_parser': True, 'profiles_dir': '/root/.dbt', 'send_anonymous_usage_stats': True, 'event_buffer_size': 100000, 'quiet': False, 'no_print': False, 'cache_selected_only': False, 'skip_profile_setup': False, 'which': 'init', 'indirect_selection': 'eager'}
14:27:46.954061 [debug] [MainThread]: Tracking: tracking
14:27:46.958202 [debug] [MainThread]: Sending event: {'category': 'dbt', 'action': 'invocation', 'label': 'start', 'context': [<snowplow_tracker.self_describing_json.SelfDescribingJson object at 0x76ca0495ad68>, <snowplow_tracker.self_describing_json.SelfDescribingJson object at 0x76ca0495a048>, <snowplow_tracker.self_describing_json.SelfDescribingJson object at 0x76ca0495a9b0>]}
14:27:53.981986 [debug] [MainThread]: Starter project path: /usr/local/lib/python3.7/dist-packages/dbt/include/starter_project
14:27:53.986106 [debug] [MainThread]: Sending event: {'category': 'dbt', 'action': 'invocation', 'label': 'end', 'context': [<snowplow_tracker.self_describing_json.SelfDescribingJson object at 0x76ca0495a198>, <snowplow_tracker.self_describing_json.SelfDescribingJson object at 0x76ca0495a0f0>, <snowplow_tracker.self_describing_json.SelfDescribingJson object at 0x76ca0495aa20>]}
[0m11:58:42.331236 [debug] [MainThread]: Sending event: {'category': 'dbt', 'action': 'invocation', 'label': 'start', 'context': [<snowplow_tracker.self_describing_json.SelfDescribingJson object at 0x75666ab8a510>, <snowplow_tracker.self_describing_json.SelfDescribingJson object at 0x75666ab8a840>, <snowplow_tracker.self_describing_json.SelfDescribingJson object at 0x75666ab8a630>]}


============================== 11:58:42.333041 | b535792d-31fd-4fe7-a5a6-10ecfb99a3b3 ==============================
[0m11:58:42.333041 [info ] [MainThread]: Running with dbt=1.8.5
[0m11:58:42.333357 [debug] [MainThread]: running dbt with arguments {'printer_width': '80', 'indirect_selection': 'eager', 'write_json': 'True', 'log_cache_events': 'False', 'partial_parse': 'True', 'cache_selected_only': 'False', 'profiles_dir': '/root/.dbt', 'fail_fast': 'False', 'debug': 'False', 'log_path': 'logs', 'version_check': 'True', 'warn_error': 'None', 'use_colors': 'True', 'use_experimental_parser': 'False', 'no_print': 'None', 'quiet': 'False', 'empty': 'None', 'log_format': 'default', 'invocation_command': 'dbt init', 'introspect': 'True', 'static_parser': 'True', 'target_path': 'None', 'warn_error_options': 'WarnErrorOptions(include=[], exclude=[])', 'send_anonymous_usage_stats': 'True'}
[0m11:58:42.337788 [warn ] [MainThread]: [ConfigFolderDirectory]: Unable to parse dict {'dir': PosixPath('/root/.dbt')}
[0m11:58:42.337999 [info ] [MainThread]: Creating dbt configuration folder at 
[0m11:58:48.701225 [debug] [MainThread]: Starter project path: /usr/local/lib/python3.12/dist-packages/dbt/include/starter_project
[0m11:58:48.705688 [info ] [MainThread]: 
Your new dbt project "datawarehouse" was created!

For more information on how to configure the profiles.yml file,
please consult the dbt documentation here:

  https://docs.getdbt.com/docs/configure-your-profile

One more thing:

Need help? Don't hesitate to reach out to us via GitHub issues or on Slack:

  https://community.getdbt.com/

Happy modeling!

[0m11:58:48.706520 [info ] [MainThread]: Setting up your profile.
[0m11:58:48.707362 [error] [MainThread]: Encountered an error:
Runtime Error
  No adapters available. Learn how to install an adapter by going to https://docs.getdbt.com/docs/connect-adapters#install-using-the-cli
[0m11:58:48.708685 [debug] [MainThread]: Resource report: {"command_name": "init", "command_wall_clock_time": 6.404759, "process_user_time": 0.686377, "process_kernel_time": 0.043086, "process_mem_max_rss": "86012", "process_in_blocks": "936", "process_out_blocks": "80", "command_success": false}
[0m11:58:48.709650 [debug] [MainThread]: Command `dbt init` failed at 11:58:48.709446 after 6.41 seconds
[0m11:58:48.710256 [debug] [MainThread]: Sending event: {'category': 'dbt', 'action': 'invocation', 'label': 'end', 'context': [<snowplow_tracker.self_describing_json.SelfDescribingJson object at 0x75666e9170e0>, <snowplow_tracker.self_describing_json.SelfDescribingJson object at 0x75666b121400>, <snowplow_tracker.self_describing_json.SelfDescribingJson object at 0x75666b923560>]}
[0m11:58:48.710841 [debug] [MainThread]: Flushing usage events
[0m12:00:50.642563 [debug] [MainThread]: Sending event: {'category': 'dbt', 'action': 'invocation', 'label': 'start', 'context': [<snowplow_tracker.self_describing_json.SelfDescribingJson object at 0x715af8df6180>, <snowplow_tracker.self_describing_json.SelfDescribingJson object at 0x715af8df6690>, <snowplow_tracker.self_describing_json.SelfDescribingJson object at 0x715af8df6330>]}


============================== 12:00:50.644232 | c268a522-6fab-4cdc-bf0c-c74b5e1dfb61 ==============================
[0m12:00:50.644232 [info ] [MainThread]: Running with dbt=1.8.5
[0m12:00:50.644551 [debug] [MainThread]: running dbt with arguments {'printer_width': '80', 'indirect_selection': 'eager', 'write_json': 'True', 'log_cache_events': 'False', 'partial_parse': 'True', 'cache_selected_only': 'False', 'warn_error': 'None', 'debug': 'False', 'fail_fast': 'False', 'log_path': 'logs', 'version_check': 'True', 'profiles_dir': '/root/.dbt', 'use_colors': 'True', 'use_experimental_parser': 'False', 'no_print': 'None', 'quiet': 'False', 'empty': 'None', 'warn_error_options': 'WarnErrorOptions(include=[], exclude=[])', 'invocation_command': 'dbt init', 'log_format': 'default', 'introspect': 'True', 'target_path': 'None', 'static_parser': 'True', 'send_anonymous_usage_stats': 'True'}
[0m12:00:54.824782 [debug] [MainThread]: Starter project path: /usr/local/lib/python3.12/dist-packages/dbt/include/starter_project
[0m12:00:54.827531 [info ] [MainThread]: 
Your new dbt project "ff" was created!

For more information on how to configure the profiles.yml file,
please consult the dbt documentation here:

  https://docs.getdbt.com/docs/configure-your-profile

One more thing:

Need help? Don't hesitate to reach out to us via GitHub issues or on Slack:

  https://community.getdbt.com/

Happy modeling!

[0m12:00:54.828030 [info ] [MainThread]: Setting up your profile.
[0m12:00:54.828857 [error] [MainThread]: Encountered an error:
Runtime Error
  No adapters available. Learn how to install an adapter by going to https://docs.getdbt.com/docs/connect-adapters#install-using-the-cli
[0m12:00:54.830051 [debug] [MainThread]: Resource report: {"command_name": "init", "command_wall_clock_time": 4.2146597, "process_user_time": 0.660815, "process_kernel_time": 0.043987, "process_mem_max_rss": "85920", "process_out_blocks": "64", "command_success": false, "process_in_blocks": "0"}
[0m12:00:54.830990 [debug] [MainThread]: Command `dbt init` failed at 12:00:54.830803 after 4.22 seconds
[0m12:00:54.831557 [debug] [MainThread]: Sending event: {'category': 'dbt', 'action': 'invocation', 'label': 'end', 'context': [<snowplow_tracker.self_describing_json.SelfDescribingJson object at 0x715af9117080>, <snowplow_tracker.self_describing_json.SelfDescribingJson object at 0x715af8dada90>, <snowplow_tracker.self_describing_json.SelfDescribingJson object at 0x715af8df6420>]}
[0m12:00:54.832194 [debug] [MainThread]: Flushing usage events
[0m12:04:22.197217 [debug] [MainThread]: Sending event: {'category': 'dbt', 'action': 'invocation', 'label': 'start', 'context': [<snowplow_tracker.self_describing_json.SelfDescribingJson object at 0x7ba449792360>, <snowplow_tracker.self_describing_json.SelfDescribingJson object at 0x7ba44981cda0>, <snowplow_tracker.self_describing_json.SelfDescribingJson object at 0x7ba449792570>]}


============================== 12:04:22.199392 | c96b9e3f-d646-4e2a-8912-56afcafcc8c3 ==============================
[0m12:04:22.199392 [info ] [MainThread]: Running with dbt=1.8.5
[0m12:04:22.199676 [debug] [MainThread]: running dbt with arguments {'printer_width': '80', 'indirect_selection': 'eager', 'log_cache_events': 'False', 'write_json': 'True', 'partial_parse': 'True', 'cache_selected_only': 'False', 'warn_error': 'None', 'version_check': 'True', 'debug': 'False', 'log_path': 'logs', 'fail_fast': 'False', 'profiles_dir': '/root/.dbt', 'use_colors': 'True', 'use_experimental_parser': 'False', 'empty': 'None', 'quiet': 'False', 'no_print': 'None', 'warn_error_options': 'WarnErrorOptions(include=[], exclude=[])', 'static_parser': 'True', 'invocation_command': 'dbt init', 'log_format': 'default', 'target_path': 'None', 'introspect': 'True', 'send_anonymous_usage_stats': 'True'}
[0m12:04:27.372854 [info ] [MainThread]: A project called datawarehouse already exists here.
[0m12:04:27.374382 [debug] [MainThread]: Resource report: {"command_name": "init", "command_success": true, "command_wall_clock_time": 5.204094, "process_user_time": 0.668632, "process_kernel_time": 0.036979, "process_mem_max_rss": "85972", "process_out_blocks": "8", "process_in_blocks": "0"}
[0m12:04:27.375283 [debug] [MainThread]: Command `dbt init` succeeded at 12:04:27.375084 after 5.21 seconds
[0m12:04:27.375765 [debug] [MainThread]: Sending event: {'category': 'dbt', 'action': 'invocation', 'label': 'end', 'context': [<snowplow_tracker.self_describing_json.SelfDescribingJson object at 0x7ba44d5330e0>, <snowplow_tracker.self_describing_json.SelfDescribingJson object at 0x7ba449792960>, <snowplow_tracker.self_describing_json.SelfDescribingJson object at 0x7ba449603ef0>]}
[0m12:04:27.376282 [debug] [MainThread]: Flushing usage events
[0m12:05:43.558149 [debug] [MainThread]: Sending event: {'category': 'dbt', 'action': 'invocation', 'label': 'start', 'context': [<snowplow_tracker.self_describing_json.SelfDescribingJson object at 0x752a80c12180>, <snowplow_tracker.self_describing_json.SelfDescribingJson object at 0x752a80c126f0>, <snowplow_tracker.self_describing_json.SelfDescribingJson object at 0x752a80c12390>]}


============================== 12:05:43.560786 | 067fef0f-0115-4647-ac87-f2800d61a3fd ==============================
[0m12:05:43.560786 [info ] [MainThread]: Running with dbt=1.8.5
[0m12:05:43.561172 [debug] [MainThread]: running dbt with arguments {'printer_width': '80', 'indirect_selection': 'eager', 'write_json': 'True', 'log_cache_events': 'False', 'partial_parse': 'True', 'cache_selected_only': 'False', 'warn_error': 'None', 'version_check': 'True', 'fail_fast': 'False', 'log_path': 'logs', 'debug': 'False', 'profiles_dir': '/root/.dbt', 'use_colors': 'True', 'use_experimental_parser': 'False', 'empty': 'None', 'quiet': 'False', 'no_print': 'None', 'warn_error_options': 'WarnErrorOptions(include=[], exclude=[])', 'static_parser': 'True', 'invocation_command': 'dbt init', 'log_format': 'default', 'target_path': 'None', 'introspect': 'True', 'send_anonymous_usage_stats': 'True'}
[0m12:05:47.518982 [debug] [MainThread]: Starter project path: /usr/local/lib/python3.12/dist-packages/dbt/include/starter_project
[0m12:05:47.521837 [info ] [MainThread]: 
Your new dbt project "datawarehouse" was created!

For more information on how to configure the profiles.yml file,
please consult the dbt documentation here:

  https://docs.getdbt.com/docs/configure-your-profile

One more thing:

Need help? Don't hesitate to reach out to us via GitHub issues or on Slack:

  https://community.getdbt.com/

Happy modeling!

[0m12:05:47.522351 [info ] [MainThread]: Setting up your profile.
[0m12:05:47.523037 [error] [MainThread]: Encountered an error:
Runtime Error
  No adapters available. Learn how to install an adapter by going to https://docs.getdbt.com/docs/connect-adapters#install-using-the-cli
[0m12:05:47.524185 [debug] [MainThread]: Resource report: {"command_name": "init", "command_wall_clock_time": 3.9932034, "process_user_time": 0.662975, "process_kernel_time": 0.046137, "process_mem_max_rss": "85556", "process_out_blocks": "72", "command_success": false, "process_in_blocks": "0"}
[0m12:05:47.525040 [debug] [MainThread]: Command `dbt init` failed at 12:05:47.524863 after 3.99 seconds
[0m12:05:47.525567 [debug] [MainThread]: Sending event: {'category': 'dbt', 'action': 'invocation', 'label': 'end', 'context': [<snowplow_tracker.self_describing_json.SelfDescribingJson object at 0x752a8102bd70>, <snowplow_tracker.self_describing_json.SelfDescribingJson object at 0x752a80c13c50>, <snowplow_tracker.self_describing_json.SelfDescribingJson object at 0x752a80c12420>]}
[0m12:05:47.526076 [debug] [MainThread]: Flushing usage events
[0m12:07:36.735725 [debug] [MainThread]: Sending event: {'category': 'dbt', 'action': 'invocation', 'label': 'start', 'context': [<snowplow_tracker.self_describing_json.SelfDescribingJson object at 0x710864516360>, <snowplow_tracker.self_describing_json.SelfDescribingJson object at 0x7108645165d0>, <snowplow_tracker.self_describing_json.SelfDescribingJson object at 0x7108645167b0>]}


============================== 12:07:36.737424 | dea81638-a579-4cb2-ad03-77dfc4606204 ==============================
[0m12:07:36.737424 [info ] [MainThread]: Running with dbt=1.8.5
[0m12:07:36.737743 [debug] [MainThread]: running dbt with arguments {'printer_width': '80', 'indirect_selection': 'eager', 'write_json': 'True', 'log_cache_events': 'False', 'partial_parse': 'True', 'cache_selected_only': 'False', 'warn_error': 'None', 'fail_fast': 'False', 'version_check': 'True', 'log_path': 'logs', 'debug': 'False', 'profiles_dir': '/root/.dbt', 'use_colors': 'True', 'use_experimental_parser': 'False', 'no_print': 'None', 'quiet': 'False', 'empty': 'None', 'log_format': 'default', 'static_parser': 'True', 'introspect': 'True', 'invocation_command': 'dbt debug', 'target_path': 'None', 'warn_error_options': 'WarnErrorOptions(include=[], exclude=[])', 'send_anonymous_usage_stats': 'True'}
[0m12:07:36.742672 [info ] [MainThread]: dbt version: 1.8.5
[0m12:07:36.742889 [info ] [MainThread]: python version: 3.12.3
[0m12:07:36.743027 [info ] [MainThread]: python path: /usr/bin/python3
[0m12:07:36.743149 [info ] [MainThread]: os info: Linux-6.8.0-41-generic-x86_64-with-glibc2.39
[0m12:07:36.743291 [info ] [MainThread]: Using profiles dir at /root/.dbt
[0m12:07:36.743414 [info ] [MainThread]: Using profiles.yml file at /root/.dbt/profiles.yml
[0m12:07:36.743549 [info ] [MainThread]: Using dbt_project.yml file at /home/gabriel/project/ingestao-dados/exe4/dbt_project.yml
[0m12:07:36.743682 [info ] [MainThread]: Configuration:
[0m12:07:36.743819 [info ] [MainThread]:   profiles.yml file [[31mERROR not found[0m]
[0m12:07:36.743943 [info ] [MainThread]:   dbt_project.yml file [[31mERROR not found[0m]
[0m12:07:36.744065 [info ] [MainThread]: Required dependencies:
[0m12:07:36.744205 [debug] [MainThread]: Executing "git --help"
[0m12:07:36.745665 [debug] [MainThread]: STDOUT: "b"usage: git [-v | --version] [-h | --help] [-C <path>] [-c <name>=<value>]\n           [--exec-path[=<path>]] [--html-path] [--man-path] [--info-path]\n           [-p | --paginate | -P | --no-pager] [--no-replace-objects] [--no-lazy-fetch]\n           [--no-optional-locks] [--no-advice] [--bare] [--git-dir=<path>]\n           [--work-tree=<path>] [--namespace=<name>] [--config-env=<name>=<envvar>]\n           <command> [<args>]\n\nThese are common Git commands used in various situations:\n\nstart a working area (see also: git help tutorial)\n   clone     Clone a repository into a new directory\n   init      Create an empty Git repository or reinitialize an existing one\n\nwork on the current change (see also: git help everyday)\n   add       Add file contents to the index\n   mv        Move or rename a file, a directory, or a symlink\n   restore   Restore working tree files\n   rm        Remove files from the working tree and from the index\n\nexamine the history and state (see also: git help revisions)\n   bisect    Use binary search to find the commit that introduced a bug\n   diff      Show changes between commits, commit and working tree, etc\n   grep      Print lines matching a pattern\n   log       Show commit logs\n   show      Show various types of objects\n   status    Show the working tree status\n\ngrow, mark and tweak your common history\n   branch    List, create, or delete branches\n   commit    Record changes to the repository\n   merge     Join two or more development histories together\n   rebase    Reapply commits on top of another base tip\n   reset     Reset current HEAD to the specified state\n   switch    Switch branches\n   tag       Create, list, delete or verify a tag object signed with GPG\n\ncollaborate (see also: git help workflows)\n   fetch     Download objects and refs from another repository\n   pull      Fetch from and integrate with another repository or a local branch\n   push      Update remote refs along with associated objects\n\n'git help -a' and 'git help -g' list available subcommands and some\nconcept guides. See 'git help <command>' or 'git help <concept>'\nto read about a specific subcommand or concept.\nSee 'git help git' for an overview of the system.\n""
[0m12:07:36.746031 [debug] [MainThread]: STDERR: "b''"
[0m12:07:36.746308 [info ] [MainThread]:  - git [[32mOK found[0m]

[0m12:07:36.746555 [info ] [MainThread]: Connection test skipped since no profile was found
[0m12:07:36.746844 [info ] [MainThread]: [31m2 checks failed:[0m
[0m12:07:36.747097 [info ] [MainThread]: dbt looked for a profiles.yml file in /root/.dbt/profiles.yml, but did
not find one. For more information on configuring your profile, consult the
documentation:

https://docs.getdbt.com/docs/configure-your-profile


[0m12:07:36.747398 [info ] [MainThread]: Project loading failed for the following reason:
 project path </home/gabriel/project/ingestao-dados/exe4/dbt_project.yml> not found

[0m12:07:36.747854 [debug] [MainThread]: Resource report: {"command_name": "debug", "command_wall_clock_time": 0.038907133, "process_user_time": 0.672107, "process_kernel_time": 0.045007, "process_mem_max_rss": "85312", "process_out_blocks": "16", "command_success": false, "process_in_blocks": "0"}
[0m12:07:36.748265 [debug] [MainThread]: Command `dbt debug` failed at 12:07:36.748175 after 0.04 seconds
[0m12:07:36.748482 [debug] [MainThread]: Sending event: {'category': 'dbt', 'action': 'invocation', 'label': 'end', 'context': [<snowplow_tracker.self_describing_json.SelfDescribingJson object at 0x7108644cda60>, <snowplow_tracker.self_describing_json.SelfDescribingJson object at 0x710864eff560>, <snowplow_tracker.self_describing_json.SelfDescribingJson object at 0x71086473f7d0>]}
[0m12:07:36.748698 [debug] [MainThread]: Flushing usage events
[0m12:08:49.475402 [debug] [MainThread]: Sending event: {'category': 'dbt', 'action': 'invocation', 'label': 'start', 'context': [<snowplow_tracker.self_describing_json.SelfDescribingJson object at 0x762257ae5ca0>, <snowplow_tracker.self_describing_json.SelfDescribingJson object at 0x7622571be5d0>, <snowplow_tracker.self_describing_json.SelfDescribingJson object at 0x7622571be450>]}


============================== 12:08:49.477078 | 6d9052a5-2d19-4cff-b9de-ab09bcf3c7bb ==============================
[0m12:08:49.477078 [info ] [MainThread]: Running with dbt=1.8.5
[0m12:08:49.477360 [debug] [MainThread]: running dbt with arguments {'printer_width': '80', 'indirect_selection': 'eager', 'log_cache_events': 'False', 'write_json': 'True', 'partial_parse': 'True', 'cache_selected_only': 'False', 'profiles_dir': '/root/.dbt', 'version_check': 'True', 'fail_fast': 'False', 'log_path': 'logs', 'warn_error': 'None', 'debug': 'False', 'use_colors': 'True', 'use_experimental_parser': 'False', 'empty': 'None', 'quiet': 'False', 'no_print': 'None', 'log_format': 'default', 'introspect': 'True', 'invocation_command': 'dbt debug', 'static_parser': 'True', 'target_path': 'None', 'warn_error_options': 'WarnErrorOptions(include=[], exclude=[])', 'send_anonymous_usage_stats': 'True'}
[0m12:08:49.482161 [info ] [MainThread]: dbt version: 1.8.5
[0m12:08:49.482358 [info ] [MainThread]: python version: 3.12.3
[0m12:08:49.482496 [info ] [MainThread]: python path: /usr/bin/python3
[0m12:08:49.482616 [info ] [MainThread]: os info: Linux-6.8.0-41-generic-x86_64-with-glibc2.39
[0m12:08:49.482777 [error] [MainThread]: Encountered an error:
[Errno 21] Is a directory: '/root/.dbt/profiles.yml'
[0m12:08:49.483474 [error] [MainThread]: Traceback (most recent call last):
  File "/usr/local/lib/python3.12/dist-packages/dbt/cli/requires.py", line 138, in wrapper
    result, success = func(*args, **kwargs)
                      ^^^^^^^^^^^^^^^^^^^^^
  File "/usr/local/lib/python3.12/dist-packages/dbt/cli/requires.py", line 101, in wrapper
    return func(*args, **kwargs)
           ^^^^^^^^^^^^^^^^^^^^^
  File "/usr/local/lib/python3.12/dist-packages/dbt/cli/main.py", line 406, in debug
    results = task.run()
              ^^^^^^^^^^
  File "/usr/local/lib/python3.12/dist-packages/dbt/task/debug.py", line 120, in run
    load_profile_status: SubtaskStatus = self._load_profile()
                                         ^^^^^^^^^^^^^^^^^^^^
  File "/usr/local/lib/python3.12/dist-packages/dbt/task/debug.py", line 201, in _load_profile
    dbt_common.clients.system.load_file_contents(self.profile_path)
  File "/usr/local/lib/python3.12/dist-packages/dbt_common/clients/system.py", line 176, in load_file_contents
    with open(path, "rb") as handle:
         ^^^^^^^^^^^^^^^^
IsADirectoryError: [Errno 21] Is a directory: '/root/.dbt/profiles.yml'

[0m12:08:49.483935 [debug] [MainThread]: Resource report: {"command_name": "debug", "command_wall_clock_time": 0.03601272, "process_user_time": 0.67856, "process_kernel_time": 0.041972, "process_mem_max_rss": "85736", "process_out_blocks": "24", "command_success": false, "process_in_blocks": "0"}
[0m12:08:49.484226 [debug] [MainThread]: Command `dbt debug` failed at 12:08:49.484168 after 0.04 seconds
[0m12:08:49.484404 [debug] [MainThread]: Sending event: {'category': 'dbt', 'action': 'invocation', 'label': 'end', 'context': [<snowplow_tracker.self_describing_json.SelfDescribingJson object at 0x76225757bce0>, <snowplow_tracker.self_describing_json.SelfDescribingJson object at 0x7622574b3e60>, <snowplow_tracker.self_describing_json.SelfDescribingJson object at 0x76225704c1d0>]}
[0m12:08:49.484579 [debug] [MainThread]: Flushing usage events


============================== 2024-08-25 15:26:16.914922 | 4c4a5c7e-927a-414a-8016-4168e98a5d95 ==============================
15:26:16.914929 [info ] [MainThread]: Running with dbt=1.1.5
15:26:16.915111 [debug] [MainThread]: running dbt with arguments {'write_json': True, 'use_colors': True, 'printer_width': 80, 'version_check': True, 'partial_parse': True, 'static_parser': True, 'profiles_dir': '/root/.dbt', 'send_anonymous_usage_stats': True, 'event_buffer_size': 100000, 'quiet': False, 'no_print': False, 'cache_selected_only': False, 'skip_profile_setup': False, 'which': 'init', 'indirect_selection': 'eager'}
15:26:16.915184 [debug] [MainThread]: Tracking: tracking
15:26:16.918649 [debug] [MainThread]: Sending event: {'category': 'dbt', 'action': 'invocation', 'label': 'start', 'context': [<snowplow_tracker.self_describing_json.SelfDescribingJson object at 0x7e3031c2df98>, <snowplow_tracker.self_describing_json.SelfDescribingJson object at 0x7e3031c2d198>, <snowplow_tracker.self_describing_json.SelfDescribingJson object at 0x7e3031c2d9e8>]}
15:26:16.919022 [info ] [MainThread]: Creating dbt configuration folder at /root/.dbt
15:26:20.994535 [debug] [MainThread]: Starter project path: /usr/local/lib/python3.7/dist-packages/dbt/include/starter_project
15:26:33.766536 [info ] [MainThread]: Profile datawarehouse written to /root/.dbt/profiles.yml using target's sample configuration. Once updated, you'll be able to start developing with dbt.
15:26:33.766726 [info ] [MainThread]: 
Your new dbt project "datawarehouse" was created!

For more information on how to configure the profiles.yml file,
please consult the dbt documentation here:

  https://docs.getdbt.com/docs/configure-your-profile

One more thing:

Need help? Don't hesitate to reach out to us via GitHub issues or on Slack:

  https://community.getdbt.com/

Happy modeling!

15:26:33.766929 [debug] [MainThread]: Sending event: {'category': 'dbt', 'action': 'invocation', 'label': 'end', 'context': [<snowplow_tracker.self_describing_json.SelfDescribingJson object at 0x7e3031c2d9e8>, <snowplow_tracker.self_describing_json.SelfDescribingJson object at 0x7e3031c2d4a8>, <snowplow_tracker.self_describing_json.SelfDescribingJson object at 0x7e3031c2d198>]}


============================== 2024-08-25 15:26:54.955939 | 216d3873-893e-44e0-b87d-6389e2ac3fe3 ==============================
15:26:54.955946 [info ] [MainThread]: Running with dbt=1.1.5
15:26:54.956092 [debug] [MainThread]: running dbt with arguments {'write_json': True, 'use_colors': True, 'printer_width': 80, 'version_check': True, 'partial_parse': True, 'static_parser': True, 'profiles_dir': '/root/.dbt', 'send_anonymous_usage_stats': True, 'event_buffer_size': 100000, 'quiet': False, 'no_print': False, 'cache_selected_only': False, 'config_dir': False, 'which': 'debug', 'indirect_selection': 'eager'}
15:26:54.956140 [debug] [MainThread]: Tracking: tracking
15:26:54.959495 [debug] [MainThread]: Sending event: {'category': 'dbt', 'action': 'invocation', 'label': 'start', 'context': [<snowplow_tracker.self_describing_json.SelfDescribingJson object at 0x7c8fc8d05978>, <snowplow_tracker.self_describing_json.SelfDescribingJson object at 0x7c8fc8d050b8>, <snowplow_tracker.self_describing_json.SelfDescribingJson object at 0x7c8fc8d052e8>]}
15:26:54.985612 [debug] [MainThread]: Executing "git --help"
15:26:54.988537 [debug] [MainThread]: STDOUT: "b"usage: git [--version] [--help] [-C <path>] [-c <name>=<value>]\n           [--exec-path[=<path>]] [--html-path] [--man-path] [--info-path]\n           [-p | --paginate | -P | --no-pager] [--no-replace-objects] [--bare]\n           [--git-dir=<path>] [--work-tree=<path>] [--namespace=<name>]\n           <command> [<args>]\n\nThese are common Git commands used in various situations:\n\nstart a working area (see also: git help tutorial)\n   clone      Clone a repository into a new directory\n   init       Create an empty Git repository or reinitialize an existing one\n\nwork on the current change (see also: git help everyday)\n   add        Add file contents to the index\n   mv         Move or rename a file, a directory, or a symlink\n   reset      Reset current HEAD to the specified state\n   rm         Remove files from the working tree and from the index\n\nexamine the history and state (see also: git help revisions)\n   bisect     Use binary search to find the commit that introduced a bug\n   grep       Print lines matching a pattern\n   log        Show commit logs\n   show       Show various types of objects\n   status     Show the working tree status\n\ngrow, mark and tweak your common history\n   branch     List, create, or delete branches\n   checkout    Switch branches or restore working tree files\n   commit     Record changes to the repository\n   diff       Show changes between commits, commit and working tree, etc\n   merge      Join two or more development histories together\n   rebase     Reapply commits on top of another base tip\n   tag        Create, list, delete or verify a tag object signed with GPG\n\ncollaborate (see also: git help workflows)\n   fetch      Download objects and refs from another repository\n   pull       Fetch from and integrate with another repository or a local branch\n   push       Update remote refs along with associated objects\n\n'git help -a' and 'git help -g' list available subcommands and some\nconcept guides. See 'git help <command>' or 'git help <concept>'\nto read about a specific subcommand or concept.\n""
15:26:54.988735 [debug] [MainThread]: STDERR: "b''"
15:26:54.988945 [debug] [MainThread]: Sending event: {'category': 'dbt', 'action': 'invocation', 'label': 'end', 'context': [<snowplow_tracker.self_describing_json.SelfDescribingJson object at 0x7c8fc81b6940>, <snowplow_tracker.self_describing_json.SelfDescribingJson object at 0x7c8fc81b66a0>, <snowplow_tracker.self_describing_json.SelfDescribingJson object at 0x7c8fc81b68d0>]}


============================== 2024-08-25 15:31:53.702882 | 5040341b-a42a-4526-9be4-af69caa787cc ==============================
15:31:53.702889 [info ] [MainThread]: Running with dbt=1.1.5
15:31:53.703204 [debug] [MainThread]: running dbt with arguments {'write_json': True, 'use_colors': True, 'printer_width': 80, 'version_check': True, 'partial_parse': True, 'static_parser': True, 'profiles_dir': '/root/.dbt', 'send_anonymous_usage_stats': True, 'event_buffer_size': 100000, 'quiet': False, 'no_print': False, 'cache_selected_only': False, 'config_dir': False, 'which': 'debug', 'indirect_selection': 'eager'}
15:31:53.703261 [debug] [MainThread]: Tracking: tracking
15:31:53.706875 [debug] [MainThread]: Sending event: {'category': 'dbt', 'action': 'invocation', 'label': 'start', 'context': [<snowplow_tracker.self_describing_json.SelfDescribingJson object at 0x7af99517f7f0>, <snowplow_tracker.self_describing_json.SelfDescribingJson object at 0x7af9951d4ef0>, <snowplow_tracker.self_describing_json.SelfDescribingJson object at 0x7af9951d4b00>]}
15:31:53.741221 [debug] [MainThread]: Executing "git --help"
15:31:53.744464 [debug] [MainThread]: STDOUT: "b"usage: git [--version] [--help] [-C <path>] [-c <name>=<value>]\n           [--exec-path[=<path>]] [--html-path] [--man-path] [--info-path]\n           [-p | --paginate | -P | --no-pager] [--no-replace-objects] [--bare]\n           [--git-dir=<path>] [--work-tree=<path>] [--namespace=<name>]\n           <command> [<args>]\n\nThese are common Git commands used in various situations:\n\nstart a working area (see also: git help tutorial)\n   clone      Clone a repository into a new directory\n   init       Create an empty Git repository or reinitialize an existing one\n\nwork on the current change (see also: git help everyday)\n   add        Add file contents to the index\n   mv         Move or rename a file, a directory, or a symlink\n   reset      Reset current HEAD to the specified state\n   rm         Remove files from the working tree and from the index\n\nexamine the history and state (see also: git help revisions)\n   bisect     Use binary search to find the commit that introduced a bug\n   grep       Print lines matching a pattern\n   log        Show commit logs\n   show       Show various types of objects\n   status     Show the working tree status\n\ngrow, mark and tweak your common history\n   branch     List, create, or delete branches\n   checkout    Switch branches or restore working tree files\n   commit     Record changes to the repository\n   diff       Show changes between commits, commit and working tree, etc\n   merge      Join two or more development histories together\n   rebase     Reapply commits on top of another base tip\n   tag        Create, list, delete or verify a tag object signed with GPG\n\ncollaborate (see also: git help workflows)\n   fetch      Download objects and refs from another repository\n   pull       Fetch from and integrate with another repository or a local branch\n   push       Update remote refs along with associated objects\n\n'git help -a' and 'git help -g' list available subcommands and some\nconcept guides. See 'git help <command>' or 'git help <concept>'\nto read about a specific subcommand or concept.\n""
15:31:53.744648 [debug] [MainThread]: STDERR: "b''"
15:31:53.744817 [debug] [MainThread]: Sending event: {'category': 'dbt', 'action': 'invocation', 'label': 'end', 'context': [<snowplow_tracker.self_describing_json.SelfDescribingJson object at 0x7af994645860>, <snowplow_tracker.self_describing_json.SelfDescribingJson object at 0x7af9951854e0>, <snowplow_tracker.self_describing_json.SelfDescribingJson object at 0x7af9945f2668>]}


============================== 2024-08-25 15:33:38.599350 | a4594c68-2950-4f1b-94e9-2d3558f728df ==============================
15:33:38.599358 [info ] [MainThread]: Running with dbt=1.1.5
15:33:38.599554 [debug] [MainThread]: running dbt with arguments {'write_json': True, 'use_colors': True, 'printer_width': 80, 'version_check': True, 'partial_parse': True, 'static_parser': True, 'profiles_dir': '/root/.dbt', 'send_anonymous_usage_stats': True, 'event_buffer_size': 100000, 'quiet': False, 'no_print': False, 'cache_selected_only': False, 'config_dir': False, 'which': 'debug', 'indirect_selection': 'eager'}
15:33:38.599606 [debug] [MainThread]: Tracking: tracking
15:33:38.602829 [debug] [MainThread]: Sending event: {'category': 'dbt', 'action': 'invocation', 'label': 'start', 'context': [<snowplow_tracker.self_describing_json.SelfDescribingJson object at 0x778d0ad477b8>, <snowplow_tracker.self_describing_json.SelfDescribingJson object at 0x778d0ad9cef0>, <snowplow_tracker.self_describing_json.SelfDescribingJson object at 0x778d0ad9cb00>]}
15:33:38.636762 [debug] [MainThread]: Executing "git --help"
15:33:38.639339 [debug] [MainThread]: STDOUT: "b"usage: git [--version] [--help] [-C <path>] [-c <name>=<value>]\n           [--exec-path[=<path>]] [--html-path] [--man-path] [--info-path]\n           [-p | --paginate | -P | --no-pager] [--no-replace-objects] [--bare]\n           [--git-dir=<path>] [--work-tree=<path>] [--namespace=<name>]\n           <command> [<args>]\n\nThese are common Git commands used in various situations:\n\nstart a working area (see also: git help tutorial)\n   clone      Clone a repository into a new directory\n   init       Create an empty Git repository or reinitialize an existing one\n\nwork on the current change (see also: git help everyday)\n   add        Add file contents to the index\n   mv         Move or rename a file, a directory, or a symlink\n   reset      Reset current HEAD to the specified state\n   rm         Remove files from the working tree and from the index\n\nexamine the history and state (see also: git help revisions)\n   bisect     Use binary search to find the commit that introduced a bug\n   grep       Print lines matching a pattern\n   log        Show commit logs\n   show       Show various types of objects\n   status     Show the working tree status\n\ngrow, mark and tweak your common history\n   branch     List, create, or delete branches\n   checkout    Switch branches or restore working tree files\n   commit     Record changes to the repository\n   diff       Show changes between commits, commit and working tree, etc\n   merge      Join two or more development histories together\n   rebase     Reapply commits on top of another base tip\n   tag        Create, list, delete or verify a tag object signed with GPG\n\ncollaborate (see also: git help workflows)\n   fetch      Download objects and refs from another repository\n   pull       Fetch from and integrate with another repository or a local branch\n   push       Update remote refs along with associated objects\n\n'git help -a' and 'git help -g' list available subcommands and some\nconcept guides. See 'git help <command>' or 'git help <concept>'\nto read about a specific subcommand or concept.\n""
15:33:38.639636 [debug] [MainThread]: STDERR: "b''"
15:33:38.639834 [debug] [MainThread]: Sending event: {'category': 'dbt', 'action': 'invocation', 'label': 'end', 'context': [<snowplow_tracker.self_describing_json.SelfDescribingJson object at 0x778d0ad4d198>, <snowplow_tracker.self_describing_json.SelfDescribingJson object at 0x778d0ad37588>, <snowplow_tracker.self_describing_json.SelfDescribingJson object at 0x778d0a1b1518>]}


============================== 2024-08-25 15:37:01.847498 | e2a45e62-b665-466d-8cc4-3b4cb9eaf1aa ==============================
15:37:01.847505 [info ] [MainThread]: Running with dbt=1.1.5
15:37:01.847866 [debug] [MainThread]: running dbt with arguments {'write_json': True, 'use_colors': True, 'printer_width': 80, 'version_check': True, 'partial_parse': True, 'static_parser': True, 'profiles_dir': '/root/.dbt', 'send_anonymous_usage_stats': True, 'event_buffer_size': 100000, 'quiet': False, 'no_print': False, 'cache_selected_only': False, 'config_dir': False, 'which': 'debug', 'indirect_selection': 'eager'}
15:37:01.847921 [debug] [MainThread]: Tracking: tracking
15:37:01.851472 [debug] [MainThread]: Sending event: {'category': 'dbt', 'action': 'invocation', 'label': 'start', 'context': [<snowplow_tracker.self_describing_json.SelfDescribingJson object at 0x79eaa5453828>, <snowplow_tracker.self_describing_json.SelfDescribingJson object at 0x79eaa54a9748>, <snowplow_tracker.self_describing_json.SelfDescribingJson object at 0x79eaa54a94e0>]}
15:37:01.889001 [debug] [MainThread]: Executing "git --help"
15:37:01.892288 [debug] [MainThread]: STDOUT: "b"usage: git [--version] [--help] [-C <path>] [-c <name>=<value>]\n           [--exec-path[=<path>]] [--html-path] [--man-path] [--info-path]\n           [-p | --paginate | -P | --no-pager] [--no-replace-objects] [--bare]\n           [--git-dir=<path>] [--work-tree=<path>] [--namespace=<name>]\n           <command> [<args>]\n\nThese are common Git commands used in various situations:\n\nstart a working area (see also: git help tutorial)\n   clone      Clone a repository into a new directory\n   init       Create an empty Git repository or reinitialize an existing one\n\nwork on the current change (see also: git help everyday)\n   add        Add file contents to the index\n   mv         Move or rename a file, a directory, or a symlink\n   reset      Reset current HEAD to the specified state\n   rm         Remove files from the working tree and from the index\n\nexamine the history and state (see also: git help revisions)\n   bisect     Use binary search to find the commit that introduced a bug\n   grep       Print lines matching a pattern\n   log        Show commit logs\n   show       Show various types of objects\n   status     Show the working tree status\n\ngrow, mark and tweak your common history\n   branch     List, create, or delete branches\n   checkout    Switch branches or restore working tree files\n   commit     Record changes to the repository\n   diff       Show changes between commits, commit and working tree, etc\n   merge      Join two or more development histories together\n   rebase     Reapply commits on top of another base tip\n   tag        Create, list, delete or verify a tag object signed with GPG\n\ncollaborate (see also: git help workflows)\n   fetch      Download objects and refs from another repository\n   pull       Fetch from and integrate with another repository or a local branch\n   push       Update remote refs along with associated objects\n\n'git help -a' and 'git help -g' list available subcommands and some\nconcept guides. See 'git help <command>' or 'git help <concept>'\nto read about a specific subcommand or concept.\n""
15:37:01.892483 [debug] [MainThread]: STDERR: "b''"
15:37:01.894376 [debug] [MainThread]: Acquiring new mysql connection "debug"
15:37:01.894696 [debug] [MainThread]: Using mysql connection "debug"
15:37:01.894759 [debug] [MainThread]: On debug: select 1 as id
15:37:01.894811 [debug] [MainThread]: Opening a new connection, currently in state init
15:37:01.903144 [debug] [MainThread]: SQL status: SUCCESS 1 in 0.01 seconds
15:37:01.903858 [debug] [MainThread]: On debug: Close
15:37:01.904121 [debug] [MainThread]: Sending event: {'category': 'dbt', 'action': 'invocation', 'label': 'end', 'context': [<snowplow_tracker.self_describing_json.SelfDescribingJson object at 0x79eaa4931a90>, <snowplow_tracker.self_describing_json.SelfDescribingJson object at 0x79eaa4926e10>, <snowplow_tracker.self_describing_json.SelfDescribingJson object at 0x79eaa4926dd8>]}
15:37:02.866588 [debug] [MainThread]: Connection 'debug' was properly closed.


============================== 2024-08-25 15:39:01.749518 | 4606704c-c4d9-4bc8-a835-930c95b4ea2f ==============================
15:39:01.749526 [info ] [MainThread]: Running with dbt=1.1.5
15:39:01.749700 [debug] [MainThread]: running dbt with arguments {'write_json': True, 'use_colors': True, 'printer_width': 80, 'version_check': True, 'partial_parse': True, 'static_parser': True, 'profiles_dir': '/root/.dbt', 'send_anonymous_usage_stats': True, 'event_buffer_size': 100000, 'quiet': False, 'no_print': False, 'cache_selected_only': False, 'config_dir': False, 'which': 'debug', 'indirect_selection': 'eager'}
15:39:01.749746 [debug] [MainThread]: Tracking: tracking
15:39:01.753792 [debug] [MainThread]: Sending event: {'category': 'dbt', 'action': 'invocation', 'label': 'start', 'context': [<snowplow_tracker.self_describing_json.SelfDescribingJson object at 0x7b3a937aa978>, <snowplow_tracker.self_describing_json.SelfDescribingJson object at 0x7b3a937ff780>, <snowplow_tracker.self_describing_json.SelfDescribingJson object at 0x7b3a937ff518>]}
15:39:01.797039 [debug] [MainThread]: Executing "git --help"
15:39:01.800208 [debug] [MainThread]: STDOUT: "b"usage: git [--version] [--help] [-C <path>] [-c <name>=<value>]\n           [--exec-path[=<path>]] [--html-path] [--man-path] [--info-path]\n           [-p | --paginate | -P | --no-pager] [--no-replace-objects] [--bare]\n           [--git-dir=<path>] [--work-tree=<path>] [--namespace=<name>]\n           <command> [<args>]\n\nThese are common Git commands used in various situations:\n\nstart a working area (see also: git help tutorial)\n   clone      Clone a repository into a new directory\n   init       Create an empty Git repository or reinitialize an existing one\n\nwork on the current change (see also: git help everyday)\n   add        Add file contents to the index\n   mv         Move or rename a file, a directory, or a symlink\n   reset      Reset current HEAD to the specified state\n   rm         Remove files from the working tree and from the index\n\nexamine the history and state (see also: git help revisions)\n   bisect     Use binary search to find the commit that introduced a bug\n   grep       Print lines matching a pattern\n   log        Show commit logs\n   show       Show various types of objects\n   status     Show the working tree status\n\ngrow, mark and tweak your common history\n   branch     List, create, or delete branches\n   checkout    Switch branches or restore working tree files\n   commit     Record changes to the repository\n   diff       Show changes between commits, commit and working tree, etc\n   merge      Join two or more development histories together\n   rebase     Reapply commits on top of another base tip\n   tag        Create, list, delete or verify a tag object signed with GPG\n\ncollaborate (see also: git help workflows)\n   fetch      Download objects and refs from another repository\n   pull       Fetch from and integrate with another repository or a local branch\n   push       Update remote refs along with associated objects\n\n'git help -a' and 'git help -g' list available subcommands and some\nconcept guides. See 'git help <command>' or 'git help <concept>'\nto read about a specific subcommand or concept.\n""
15:39:01.800511 [debug] [MainThread]: STDERR: "b''"
15:39:01.802041 [debug] [MainThread]: Acquiring new mysql connection "debug"
15:39:01.802407 [debug] [MainThread]: Using mysql connection "debug"
15:39:01.802477 [debug] [MainThread]: On debug: select 1 as id
15:39:01.802531 [debug] [MainThread]: Opening a new connection, currently in state init
15:39:01.809922 [debug] [MainThread]: SQL status: SUCCESS 1 in 0.01 seconds
15:39:01.810967 [debug] [MainThread]: On debug: Close
15:39:01.811432 [debug] [MainThread]: Sending event: {'category': 'dbt', 'action': 'invocation', 'label': 'end', 'context': [<snowplow_tracker.self_describing_json.SelfDescribingJson object at 0x7b3a92c17cc0>, <snowplow_tracker.self_describing_json.SelfDescribingJson object at 0x7b3a93e1c240>, <snowplow_tracker.self_describing_json.SelfDescribingJson object at 0x7b3a92c22a58>]}
15:39:02.608565 [debug] [MainThread]: Connection 'debug' was properly closed.


============================== 2024-08-25 15:42:21.915226 | 90cfae6c-5763-48e1-a3c0-d0ab96b1ba3a ==============================
15:42:21.915231 [info ] [MainThread]: Running with dbt=1.1.5
15:42:21.915407 [debug] [MainThread]: running dbt with arguments {'write_json': True, 'use_colors': True, 'printer_width': 80, 'version_check': True, 'partial_parse': True, 'static_parser': True, 'profiles_dir': '/root/.dbt', 'send_anonymous_usage_stats': True, 'event_buffer_size': 100000, 'quiet': False, 'no_print': False, 'cache_selected_only': False, 'skip_profile_setup': False, 'which': 'init', 'indirect_selection': 'eager'}
15:42:21.915471 [debug] [MainThread]: Tracking: tracking
15:42:21.919539 [debug] [MainThread]: Sending event: {'category': 'dbt', 'action': 'invocation', 'label': 'start', 'context': [<snowplow_tracker.self_describing_json.SelfDescribingJson object at 0x720e1aa0e898>, <snowplow_tracker.self_describing_json.SelfDescribingJson object at 0x720e1aa63b00>, <snowplow_tracker.self_describing_json.SelfDescribingJson object at 0x720e1aa63ba8>]}
15:42:21.920066 [info ] [MainThread]: Setting up your profile.
15:42:30.214206 [debug] [MainThread]: Sending event: {'category': 'dbt', 'action': 'invocation', 'label': 'end', 'context': [<snowplow_tracker.self_describing_json.SelfDescribingJson object at 0x720e1aa63b00>, <snowplow_tracker.self_describing_json.SelfDescribingJson object at 0x720e1aa63f28>, <snowplow_tracker.self_describing_json.SelfDescribingJson object at 0x720e1aa05c88>]}


============================== 2024-08-25 15:53:21.760168 | 3ab7de78-9da0-43fe-b6e4-442ababb2a04 ==============================
15:53:21.760177 [info ] [MainThread]: Running with dbt=1.1.5
15:53:21.760357 [debug] [MainThread]: running dbt with arguments {'write_json': True, 'use_colors': True, 'printer_width': 80, 'version_check': True, 'partial_parse': True, 'static_parser': True, 'profiles_dir': '/root/.dbt', 'send_anonymous_usage_stats': True, 'event_buffer_size': 100000, 'quiet': False, 'no_print': False, 'cache_selected_only': False, 'config_dir': False, 'which': 'debug', 'indirect_selection': 'eager'}
15:53:21.760405 [debug] [MainThread]: Tracking: tracking
15:53:21.764549 [debug] [MainThread]: Sending event: {'category': 'dbt', 'action': 'invocation', 'label': 'start', 'context': [<snowplow_tracker.self_describing_json.SelfDescribingJson object at 0x7a9a50653860>, <snowplow_tracker.self_describing_json.SelfDescribingJson object at 0x7a9a506a9748>, <snowplow_tracker.self_describing_json.SelfDescribingJson object at 0x7a9a506a94e0>]}
15:53:21.804763 [debug] [MainThread]: Executing "git --help"
15:53:21.807760 [debug] [MainThread]: STDOUT: "b"usage: git [--version] [--help] [-C <path>] [-c <name>=<value>]\n           [--exec-path[=<path>]] [--html-path] [--man-path] [--info-path]\n           [-p | --paginate | -P | --no-pager] [--no-replace-objects] [--bare]\n           [--git-dir=<path>] [--work-tree=<path>] [--namespace=<name>]\n           <command> [<args>]\n\nThese are common Git commands used in various situations:\n\nstart a working area (see also: git help tutorial)\n   clone      Clone a repository into a new directory\n   init       Create an empty Git repository or reinitialize an existing one\n\nwork on the current change (see also: git help everyday)\n   add        Add file contents to the index\n   mv         Move or rename a file, a directory, or a symlink\n   reset      Reset current HEAD to the specified state\n   rm         Remove files from the working tree and from the index\n\nexamine the history and state (see also: git help revisions)\n   bisect     Use binary search to find the commit that introduced a bug\n   grep       Print lines matching a pattern\n   log        Show commit logs\n   show       Show various types of objects\n   status     Show the working tree status\n\ngrow, mark and tweak your common history\n   branch     List, create, or delete branches\n   checkout    Switch branches or restore working tree files\n   commit     Record changes to the repository\n   diff       Show changes between commits, commit and working tree, etc\n   merge      Join two or more development histories together\n   rebase     Reapply commits on top of another base tip\n   tag        Create, list, delete or verify a tag object signed with GPG\n\ncollaborate (see also: git help workflows)\n   fetch      Download objects and refs from another repository\n   pull       Fetch from and integrate with another repository or a local branch\n   push       Update remote refs along with associated objects\n\n'git help -a' and 'git help -g' list available subcommands and some\nconcept guides. See 'git help <command>' or 'git help <concept>'\nto read about a specific subcommand or concept.\n""
15:53:21.807961 [debug] [MainThread]: STDERR: "b''"
15:53:21.809511 [debug] [MainThread]: Acquiring new mysql connection "debug"
15:53:21.809834 [debug] [MainThread]: Using mysql connection "debug"
15:53:21.809893 [debug] [MainThread]: On debug: select 1 as id
15:53:21.809931 [debug] [MainThread]: Opening a new connection, currently in state init
15:53:21.819732 [debug] [MainThread]: SQL status: SUCCESS 1 in 0.01 seconds
15:53:21.820745 [debug] [MainThread]: On debug: Close
15:53:21.821115 [debug] [MainThread]: Sending event: {'category': 'dbt', 'action': 'invocation', 'label': 'end', 'context': [<snowplow_tracker.self_describing_json.SelfDescribingJson object at 0x7a9a4fb2b9b0>, <snowplow_tracker.self_describing_json.SelfDescribingJson object at 0x7a9a4fb28f98>, <snowplow_tracker.self_describing_json.SelfDescribingJson object at 0x7a9a4fb28b00>]}
15:53:22.615734 [debug] [MainThread]: Connection 'debug' was properly closed.


============================== 2024-08-25 16:03:39.494356 | 8b42d426-890e-4dcb-90da-7a37f3c21d2f ==============================
16:03:39.494362 [info ] [MainThread]: Running with dbt=1.1.5
16:03:39.494518 [debug] [MainThread]: running dbt with arguments {'write_json': True, 'use_colors': True, 'printer_width': 80, 'version_check': True, 'partial_parse': True, 'static_parser': True, 'profiles_dir': '/root/.dbt', 'send_anonymous_usage_stats': True, 'event_buffer_size': 100000, 'quiet': False, 'no_print': False, 'cache_selected_only': False, 'config_dir': False, 'which': 'debug', 'indirect_selection': 'eager'}
16:03:39.494569 [debug] [MainThread]: Tracking: tracking
16:03:39.498478 [debug] [MainThread]: Sending event: {'category': 'dbt', 'action': 'invocation', 'label': 'start', 'context': [<snowplow_tracker.self_describing_json.SelfDescribingJson object at 0x7fe7acbf47f0>, <snowplow_tracker.self_describing_json.SelfDescribingJson object at 0x7fe7acc48470>, <snowplow_tracker.self_describing_json.SelfDescribingJson object at 0x7fe7acc48550>]}
16:03:39.537371 [debug] [MainThread]: Executing "git --help"
16:03:39.540538 [debug] [MainThread]: STDOUT: "b"usage: git [--version] [--help] [-C <path>] [-c <name>=<value>]\n           [--exec-path[=<path>]] [--html-path] [--man-path] [--info-path]\n           [-p | --paginate | -P | --no-pager] [--no-replace-objects] [--bare]\n           [--git-dir=<path>] [--work-tree=<path>] [--namespace=<name>]\n           <command> [<args>]\n\nThese are common Git commands used in various situations:\n\nstart a working area (see also: git help tutorial)\n   clone      Clone a repository into a new directory\n   init       Create an empty Git repository or reinitialize an existing one\n\nwork on the current change (see also: git help everyday)\n   add        Add file contents to the index\n   mv         Move or rename a file, a directory, or a symlink\n   reset      Reset current HEAD to the specified state\n   rm         Remove files from the working tree and from the index\n\nexamine the history and state (see also: git help revisions)\n   bisect     Use binary search to find the commit that introduced a bug\n   grep       Print lines matching a pattern\n   log        Show commit logs\n   show       Show various types of objects\n   status     Show the working tree status\n\ngrow, mark and tweak your common history\n   branch     List, create, or delete branches\n   checkout    Switch branches or restore working tree files\n   commit     Record changes to the repository\n   diff       Show changes between commits, commit and working tree, etc\n   merge      Join two or more development histories together\n   rebase     Reapply commits on top of another base tip\n   tag        Create, list, delete or verify a tag object signed with GPG\n\ncollaborate (see also: git help workflows)\n   fetch      Download objects and refs from another repository\n   pull       Fetch from and integrate with another repository or a local branch\n   push       Update remote refs along with associated objects\n\n'git help -a' and 'git help -g' list available subcommands and some\nconcept guides. See 'git help <command>' or 'git help <concept>'\nto read about a specific subcommand or concept.\n""
16:03:39.540755 [debug] [MainThread]: STDERR: "b''"
16:03:39.542382 [debug] [MainThread]: Acquiring new mysql connection "debug"
16:03:39.542722 [debug] [MainThread]: Using mysql connection "debug"
16:03:39.542777 [debug] [MainThread]: On debug: select 1 as id
16:03:39.542815 [debug] [MainThread]: Opening a new connection, currently in state init
16:03:39.550360 [debug] [MainThread]: SQL status: SUCCESS 1 in 0.01 seconds
16:03:39.551050 [debug] [MainThread]: On debug: Close
16:03:39.551320 [debug] [MainThread]: Sending event: {'category': 'dbt', 'action': 'invocation', 'label': 'end', 'context': [<snowplow_tracker.self_describing_json.SelfDescribingJson object at 0x7fe7ac0cf940>, <snowplow_tracker.self_describing_json.SelfDescribingJson object at 0x7fe7ac0cddd8>, <snowplow_tracker.self_describing_json.SelfDescribingJson object at 0x7fe7ac0cd978>]}
16:03:40.320521 [debug] [MainThread]: Connection 'debug' was properly closed.
